2021-05-28 17:01:09,077 django.utils.autoreload INFO     Watching for file changes with StatReloader
2021-05-28 17:02:10,753 django.utils.autoreload INFO     /home/harsh/.virtualenvs/teamProject/src/fashionHub/urls.py changed, reloading.
2021-05-28 17:02:10,753 asyncio      DEBUG    Using selector: EpollSelector
2021-05-28 17:02:11,124 django.utils.autoreload INFO     Watching for file changes with StatReloader
2021-05-28 17:02:14,896 asyncio      DEBUG    Using selector: EpollSelector
2021-05-28 17:02:15,009 asyncio      DEBUG    Using selector: EpollSelector
2021-05-28 17:03:16,821 django.utils.autoreload INFO     Watching for file changes with StatReloader
2021-05-28 17:04:39,545 Import.views INFO     Main Dashboard page is requested
2021-05-28 17:04:40,015 django.request WARNING  Not Found: /favicon.ico
2021-05-28 17:04:57,605 Import.views INFO     Inside portalLogin_view
2021-05-28 17:04:57,605 Import.views INFO     User authenticated and request sent to next page
2021-05-28 17:06:07,029 Import.views INFO     Inside displayImportOrders_view
2021-05-28 17:06:07,032 Import.views INFO     User session successful
2021-05-28 17:06:07,032 Import.views INFO     Record fetched successfully and request redirected to importOrders page.
2021-05-28 17:06:10,584 Import.views INFO     Inside import_view
2021-05-28 17:06:10,587 Import.views DEBUG    User session successful
2021-05-28 17:06:10,646 django.request ERROR    Internal Server Error: /menu
Traceback (most recent call last):
  File "/home/harsh/.virtualenvs/teamProject/lib/python3.8/site-packages/django/core/handlers/exception.py", line 47, in inner
    response = get_response(request)
  File "/home/harsh/.virtualenvs/teamProject/lib/python3.8/site-packages/django/core/handlers/base.py", line 188, in _get_response
    self.check_response(response, callback)
  File "/home/harsh/.virtualenvs/teamProject/lib/python3.8/site-packages/django/core/handlers/base.py", line 309, in check_response
    raise ValueError(
ValueError: The view Import.views.import_view didn't return an HttpResponse object. It returned None instead.
2021-05-28 17:06:14,030 Import.views INFO     Inside import_view
2021-05-28 17:06:14,034 Import.views DEBUG    User session successful
2021-05-28 17:06:14,036 Import.views INFO     Request redirected to next page if the user selects import option from the menu
2021-05-28 17:06:20,722 Import.views INFO     Inside portalLogin_view
2021-05-28 17:06:20,722 Import.views INFO     User authenticated and request sent to next page
2021-05-28 17:06:20,955 django.request WARNING  Not Found: /favicon.ico
2021-05-28 17:27:53,401 django.utils.autoreload INFO     /home/harsh/.virtualenvs/teamProject/src/fashionHub/urls.py changed, reloading.
2021-05-28 17:27:53,402 asyncio      DEBUG    Using selector: EpollSelector
2021-05-28 17:27:53,747 django.utils.autoreload INFO     Watching for file changes with StatReloader
2021-05-28 17:27:57,599 asyncio      DEBUG    Using selector: EpollSelector
2021-05-28 17:27:57,713 asyncio      DEBUG    Using selector: EpollSelector
2021-05-28 17:48:55,465 django.utils.autoreload INFO     Watching for file changes with StatReloader
2021-05-28 17:49:23,784 django.utils.autoreload INFO     /home/harsh/.virtualenvs/teamProject/src/fashionHub/urls.py changed, reloading.
2021-05-28 17:49:23,785 asyncio      DEBUG    Using selector: EpollSelector
2021-05-28 17:49:24,256 django.utils.autoreload INFO     Watching for file changes with StatReloader
2021-05-28 17:49:30,966 Import.views INFO     Main Dashboard page is requested
2021-05-28 17:49:31,232 django.request WARNING  Not Found: /favicon.ico
2021-05-28 17:49:39,774 Import.views INFO     Inside portalLogin_view
2021-05-28 17:49:39,774 Import.views INFO     User authenticated and request sent to next page
2021-05-28 17:49:45,116 Import.views INFO     Inside displayImportOrders_view
2021-05-28 17:49:45,119 Import.views INFO     User session successful
2021-05-28 17:49:45,119 Import.views INFO     Record fetched successfully and request redirected to importOrders page.
2021-05-28 17:49:47,159 Import.views INFO     Inside displayCompanies_view
2021-05-28 17:49:47,162 Import.views INFO     User session successful
2021-05-28 17:49:47,163 Import.views INFO     Record fetched successfully and request redirected to viewCompanies page.
2021-05-28 17:50:20,089 django.utils.autoreload INFO     /home/harsh/.virtualenvs/teamProject/src/templates/viewCompanies.html changed, reloading.
2021-05-28 17:50:20,090 asyncio      DEBUG    Using selector: EpollSelector
2021-05-28 17:50:20,464 django.utils.autoreload INFO     Watching for file changes with StatReloader
2021-05-28 17:50:21,572 Import.views INFO     Inside displayCompanies_view
2021-05-28 17:50:21,577 Import.views INFO     User session successful
2021-05-28 17:50:21,578 Import.views INFO     Record fetched successfully and request redirected to viewCompanies page.
2021-05-28 17:50:21,735 django.request WARNING  Not Found: /favicon.ico
2021-05-28 17:50:23,611 Import.views INFO     Inside displayCompanies_view
2021-05-28 17:50:23,615 Import.views INFO     User session successful
2021-05-28 17:50:23,615 Import.views INFO     Record fetched successfully and request redirected to viewCompanies page.
2021-05-28 17:50:23,761 django.request WARNING  Not Found: /favicon.ico
2021-05-28 17:50:34,836 django.utils.autoreload INFO     /home/harsh/.virtualenvs/teamProject/src/templates/viewCompanies.html changed, reloading.
2021-05-28 17:50:34,838 asyncio      DEBUG    Using selector: EpollSelector
2021-05-28 17:50:35,214 django.utils.autoreload INFO     Watching for file changes with StatReloader
2021-05-28 17:50:35,434 Import.views INFO     Inside displayCompanies_view
2021-05-28 17:50:35,438 Import.views INFO     User session successful
2021-05-28 17:50:35,438 Import.views INFO     Record fetched successfully and request redirected to viewCompanies page.
2021-05-28 17:50:35,581 django.request WARNING  Not Found: /favicon.ico
2021-05-28 17:50:36,728 Import.views INFO     Inside displayCompanies_view
2021-05-28 17:50:36,731 Import.views INFO     User session successful
2021-05-28 17:50:36,731 Import.views INFO     Record fetched successfully and request redirected to viewCompanies page.
2021-05-28 17:50:36,846 django.request WARNING  Not Found: /favicon.ico
2021-05-28 17:50:37,857 Import.views INFO     Inside displayCompanies_view
2021-05-28 17:50:37,861 Import.views INFO     User session successful
2021-05-28 17:50:37,861 Import.views INFO     Record fetched successfully and request redirected to viewCompanies page.
2021-05-28 17:50:37,979 django.request WARNING  Not Found: /favicon.ico
2021-05-28 17:50:45,567 django.utils.autoreload INFO     /home/harsh/.virtualenvs/teamProject/src/templates/viewCompanies.html changed, reloading.
2021-05-28 17:50:45,567 asyncio      DEBUG    Using selector: EpollSelector
2021-05-28 17:50:45,929 django.utils.autoreload INFO     Watching for file changes with StatReloader
2021-05-28 17:50:47,377 Import.views INFO     Inside displayCompanies_view
2021-05-28 17:50:47,382 Import.views INFO     User session successful
2021-05-28 17:50:47,383 Import.views INFO     Record fetched successfully and request redirected to viewCompanies page.
2021-05-28 17:50:47,515 django.request WARNING  Not Found: /favicon.ico
2021-05-28 17:50:52,267 django.utils.autoreload INFO     /home/harsh/.virtualenvs/teamProject/src/templates/viewCompanies.html changed, reloading.
2021-05-28 17:50:52,268 asyncio      DEBUG    Using selector: EpollSelector
2021-05-28 17:50:52,630 django.utils.autoreload INFO     Watching for file changes with StatReloader
2021-05-28 17:50:53,871 django.utils.autoreload INFO     /home/harsh/.virtualenvs/teamProject/src/templates/viewCompanies.html changed, reloading.
2021-05-28 17:50:53,872 asyncio      DEBUG    Using selector: EpollSelector
2021-05-28 17:50:54,290 django.utils.autoreload INFO     Watching for file changes with StatReloader
2021-05-28 17:51:05,645 django.utils.autoreload INFO     /home/harsh/.virtualenvs/teamProject/src/templates/viewCompanies.html changed, reloading.
2021-05-28 17:51:05,646 asyncio      DEBUG    Using selector: EpollSelector
2021-05-28 17:51:06,010 django.utils.autoreload INFO     Watching for file changes with StatReloader
2021-05-28 17:51:07,688 Import.views INFO     Inside displayCompanies_view
2021-05-28 17:51:07,692 Import.views INFO     User session successful
2021-05-28 17:51:07,693 Import.views INFO     Record fetched successfully and request redirected to viewCompanies page.
2021-05-28 17:51:07,821 django.request WARNING  Not Found: /favicon.ico
2021-05-28 17:51:13,349 django.utils.autoreload INFO     /home/harsh/.virtualenvs/teamProject/src/templates/viewCompanies.html changed, reloading.
2021-05-28 17:51:13,350 asyncio      DEBUG    Using selector: EpollSelector
2021-05-28 17:51:13,708 django.utils.autoreload INFO     Watching for file changes with StatReloader
2021-05-28 17:51:37,124 django.utils.autoreload INFO     /home/harsh/.virtualenvs/teamProject/src/templates/viewCompanies.html changed, reloading.
2021-05-28 17:51:37,125 asyncio      DEBUG    Using selector: EpollSelector
2021-05-28 17:51:37,547 django.utils.autoreload INFO     Watching for file changes with StatReloader
2021-05-28 17:51:38,059 Import.views INFO     Inside displayCompanies_view
2021-05-28 17:51:38,063 Import.views INFO     User session successful
2021-05-28 17:51:38,063 Import.views INFO     Record fetched successfully and request redirected to viewCompanies page.
2021-05-28 17:51:38,198 django.request WARNING  Not Found: /favicon.ico
2021-05-28 17:52:12,171 Import.views INFO     Inside displayCompanies_view
2021-05-28 17:52:12,174 Import.views INFO     User session successful
2021-05-28 17:52:12,175 Import.views INFO     Record fetched successfully and request redirected to viewCompanies page.
2021-05-28 17:52:12,330 django.request WARNING  Not Found: /favicon.ico
2021-05-28 17:52:25,651 Import.views INFO     Inside displayCompanies_view
2021-05-28 17:52:25,655 Import.views INFO     User session successful
2021-05-28 17:52:25,655 Import.views INFO     Record fetched successfully and request redirected to viewCompanies page.
2021-05-28 17:52:25,785 django.request WARNING  Not Found: /favicon.ico
2021-05-28 17:52:33,730 Import.views INFO     Inside displayCompanies_view
2021-05-28 17:52:33,733 Import.views INFO     User session successful
2021-05-28 17:52:33,733 Import.views INFO     Record fetched successfully and request redirected to viewCompanies page.
2021-05-28 17:52:33,860 django.request WARNING  Not Found: /favicon.ico
2021-05-28 18:04:00,143 django.utils.autoreload INFO     Watching for file changes with StatReloader
2021-05-28 18:04:04,673 Import.views INFO     Main Dashboard page is requested
2021-05-28 18:04:05,008 django.request WARNING  Not Found: /favicon.ico
2021-05-28 18:04:25,037 Import.views INFO     Inside displayCompanies_view
2021-05-28 18:04:25,041 Import.views INFO     User session successful
2021-05-28 18:04:25,041 Import.views INFO     Record fetched successfully and request redirected to viewCompanies page.
2021-05-28 18:04:25,146 django.request WARNING  Not Found: /favicon.ico
2021-05-28 18:04:36,598 django.request WARNING  Not Found: /favicon.ico
2021-05-28 18:04:37,848 Import.views INFO     Main Dashboard page is requested
2021-05-28 18:04:38,036 django.request WARNING  Not Found: /favicon.ico
2021-05-28 18:04:51,907 django.utils.autoreload INFO     /home/harsh/.virtualenvs/teamProject/src/templates/viewCompanies.html changed, reloading.
2021-05-28 18:04:51,907 asyncio      DEBUG    Using selector: EpollSelector
2021-05-28 18:04:52,405 django.utils.autoreload INFO     Watching for file changes with StatReloader
2021-05-28 18:09:25,482 Import.views INFO     Inside displayCompanies_view
2021-05-28 18:09:25,486 Import.views INFO     User session successful
2021-05-28 18:09:25,486 Import.views INFO     Record fetched successfully and request redirected to viewCompanies page.
2021-05-28 18:09:33,061 Import.views INFO     Inside logout_view
2021-05-28 18:09:33,063 Import.views INFO     Logout successful and request redirected to login dashboard
2021-05-28 18:09:33,221 Import.views INFO     Main Dashboard page is requested
2021-05-28 18:09:33,432 django.request WARNING  Not Found: /favicon.ico
2021-05-28 18:10:01,975 Import.views INFO     Inside displayImportOrders_view
2021-05-28 18:10:01,979 Import.views WARNING  User session not found and request redirected to dashboard.
2021-05-28 18:10:01,990 Import.views INFO     Main Dashboard page is requested
2021-05-28 18:10:02,098 django.request WARNING  Not Found: /favicon.ico
2021-05-28 18:11:23,623 Import.views INFO     Inside displayCompanies_view
2021-05-28 18:11:23,626 Import.views WARNING  User session not found and request redirected to dashboard.
2021-05-28 18:11:23,643 Import.views INFO     Main Dashboard page is requested
2021-05-28 18:11:37,522 Import.views INFO     Inside displayCompanies_view
2021-05-28 18:11:37,525 Import.views WARNING  User session not found and request redirected to dashboard.
2021-05-28 18:11:37,535 Import.views INFO     Main Dashboard page is requested
2021-05-28 18:11:37,619 django.request WARNING  Not Found: /favicon.ico
2021-05-28 18:12:45,307 Import.views INFO     Inside portalLogin_view
2021-05-28 18:12:45,308 Import.views INFO     User authenticated and request sent to next page
2021-05-28 18:12:45,577 django.request WARNING  Not Found: /favicon.ico
2021-05-28 18:12:55,785 Import.views INFO     Inside displayImportOrders_view
2021-05-28 18:12:55,789 Import.views INFO     User session successful
2021-05-28 18:12:55,789 Import.views INFO     Record fetched successfully and request redirected to importOrders page.
2021-05-28 18:13:02,958 Import.views INFO     Inside displayCompanies_view
2021-05-28 18:13:02,961 Import.views INFO     User session successful
2021-05-28 18:13:02,961 Import.views INFO     Record fetched successfully and request redirected to viewCompanies page.
2021-05-28 18:13:03,048 django.request WARNING  Not Found: /favicon.ico
2021-05-28 18:13:09,177 Import.views INFO     Inside import_view
2021-05-28 18:13:09,180 Import.views DEBUG    User session successful
2021-05-28 18:13:09,237 django.request ERROR    Internal Server Error: /menu
Traceback (most recent call last):
  File "/home/harsh/.virtualenvs/teamProject/lib/python3.8/site-packages/django/core/handlers/exception.py", line 47, in inner
    response = get_response(request)
  File "/home/harsh/.virtualenvs/teamProject/lib/python3.8/site-packages/django/core/handlers/base.py", line 188, in _get_response
    self.check_response(response, callback)
  File "/home/harsh/.virtualenvs/teamProject/lib/python3.8/site-packages/django/core/handlers/base.py", line 309, in check_response
    raise ValueError(
ValueError: The view Import.views.import_view didn't return an HttpResponse object. It returned None instead.
2021-05-28 18:13:16,794 Import.views INFO     Inside logout_view
2021-05-28 18:13:16,798 Import.views INFO     Logout successful and request redirected to login dashboard
2021-05-28 18:13:16,872 Import.views INFO     Main Dashboard page is requested
2021-05-28 18:13:21,853 Import.views INFO     Inside displayCompanies_view
2021-05-28 18:13:21,856 Import.views WARNING  User session not found and request redirected to dashboard.
2021-05-28 18:13:21,868 Import.views INFO     Main Dashboard page is requested
2021-05-28 18:13:42,190 Import.views INFO     Inside portalLogin_view
2021-05-28 18:13:42,190 Import.views INFO     User authenticated and request sent to next page
2021-05-28 18:13:42,437 django.request WARNING  Not Found: /favicon.ico
2021-05-28 18:13:50,303 Import.views INFO     Inside displayImportOrders_view
2021-05-28 18:13:50,305 Import.views INFO     User session successful
2021-05-28 18:13:50,306 Import.views INFO     Record fetched successfully and request redirected to importOrders page.
2021-05-28 18:13:53,433 Import.views INFO     Inside import_view
2021-05-28 18:13:53,437 Import.views DEBUG    User session successful
2021-05-28 18:13:53,482 django.request ERROR    Internal Server Error: /menu
Traceback (most recent call last):
  File "/home/harsh/.virtualenvs/teamProject/lib/python3.8/site-packages/django/core/handlers/exception.py", line 47, in inner
    response = get_response(request)
  File "/home/harsh/.virtualenvs/teamProject/lib/python3.8/site-packages/django/core/handlers/base.py", line 188, in _get_response
    self.check_response(response, callback)
  File "/home/harsh/.virtualenvs/teamProject/lib/python3.8/site-packages/django/core/handlers/base.py", line 309, in check_response
    raise ValueError(
ValueError: The view Import.views.import_view didn't return an HttpResponse object. It returned None instead.
2021-05-28 18:14:55,755 django.request WARNING  Not Found: /favicon.ico
2021-05-28 18:15:50,579 django.utils.autoreload INFO     /home/harsh/.virtualenvs/teamProject/src/templates/importOrders.html changed, reloading.
2021-05-28 18:15:50,580 asyncio      DEBUG    Using selector: EpollSelector
2021-05-28 18:15:50,988 django.utils.autoreload INFO     Watching for file changes with StatReloader
2021-05-28 18:16:53,753 django.utils.autoreload INFO     /home/harsh/.virtualenvs/teamProject/src/Import/views.py changed, reloading.
2021-05-28 18:16:53,753 asyncio      DEBUG    Using selector: EpollSelector
2021-05-28 18:16:54,144 django.utils.autoreload INFO     Watching for file changes with StatReloader
2021-05-28 18:17:02,441 django.utils.autoreload INFO     /home/harsh/.virtualenvs/teamProject/src/templates/importOrders.html changed, reloading.
2021-05-28 18:17:02,442 asyncio      DEBUG    Using selector: EpollSelector
2021-05-28 18:17:02,812 django.utils.autoreload INFO     Watching for file changes with StatReloader
2021-05-28 18:17:05,030 Import.views INFO     Inside displayImportOrders_view
2021-05-28 18:17:05,033 Import.views INFO     User session successful
2021-05-28 18:17:05,033 Import.views INFO     Record fetched successfully and request redirected to importOrders page.
2021-05-28 18:17:05,329 django.request WARNING  Not Found: /favicon.ico
2021-05-28 18:17:07,080 Import.views INFO     Inside import_view
2021-05-28 18:17:07,083 Import.views DEBUG    User session successful
2021-05-28 18:17:07,142 django.request ERROR    Internal Server Error: /menu
Traceback (most recent call last):
  File "/home/harsh/.virtualenvs/teamProject/lib/python3.8/site-packages/django/core/handlers/exception.py", line 47, in inner
    response = get_response(request)
  File "/home/harsh/.virtualenvs/teamProject/lib/python3.8/site-packages/django/core/handlers/base.py", line 188, in _get_response
    self.check_response(response, callback)
  File "/home/harsh/.virtualenvs/teamProject/lib/python3.8/site-packages/django/core/handlers/base.py", line 309, in check_response
    raise ValueError(
ValueError: The view Import.views.import_view didn't return an HttpResponse object. It returned None instead.
2021-05-28 18:19:32,636 django.utils.autoreload INFO     /home/harsh/.virtualenvs/teamProject/src/Import/views.py changed, reloading.
2021-05-28 18:19:32,636 asyncio      DEBUG    Using selector: EpollSelector
2021-05-28 18:19:33,065 django.utils.autoreload INFO     Watching for file changes with StatReloader
2021-05-28 18:19:35,519 Import.views INFO     Inside displayImportOrders_view
2021-05-28 18:19:35,521 Import.views INFO     User session successful
2021-05-28 18:19:35,522 Import.views INFO     Record fetched successfully and request redirected to importOrders page.
2021-05-28 18:19:35,670 django.request WARNING  Not Found: /favicon.ico
2021-05-28 18:19:37,470 Import.views INFO     Inside import_view
2021-05-28 18:19:37,473 Import.views DEBUG    User session successful
2021-05-28 18:19:37,495 Import.views INFO     Inside import_view
2021-05-28 18:19:37,498 Import.views DEBUG    User session successful
2021-05-28 18:19:37,509 Import.views INFO     Inside import_view
2021-05-28 18:19:37,512 Import.views DEBUG    User session successful
2021-05-28 18:19:37,560 Import.views INFO     Inside import_view
2021-05-28 18:19:37,566 Import.views DEBUG    User session successful
2021-05-28 18:19:37,571 Import.views INFO     Inside import_view
2021-05-28 18:19:37,575 Import.views DEBUG    User session successful
2021-05-28 18:19:37,584 Import.views INFO     Inside import_view
2021-05-28 18:19:37,586 Import.views DEBUG    User session successful
2021-05-28 18:19:37,633 Import.views INFO     Inside import_view
2021-05-28 18:19:37,635 Import.views DEBUG    User session successful
2021-05-28 18:19:37,640 Import.views INFO     Inside import_view
2021-05-28 18:19:37,642 Import.views DEBUG    User session successful
2021-05-28 18:19:37,648 Import.views INFO     Inside import_view
2021-05-28 18:19:37,651 Import.views DEBUG    User session successful
2021-05-28 18:19:37,698 Import.views INFO     Inside import_view
2021-05-28 18:19:37,701 Import.views DEBUG    User session successful
2021-05-28 18:19:37,707 Import.views INFO     Inside import_view
2021-05-28 18:19:37,716 Import.views DEBUG    User session successful
2021-05-28 18:19:37,721 Import.views INFO     Inside import_view
2021-05-28 18:19:37,725 Import.views DEBUG    User session successful
2021-05-28 18:19:37,770 Import.views INFO     Inside import_view
2021-05-28 18:19:37,773 Import.views DEBUG    User session successful
2021-05-28 18:19:37,783 Import.views INFO     Inside import_view
2021-05-28 18:19:37,785 Import.views DEBUG    User session successful
2021-05-28 18:19:37,844 Import.views INFO     Inside import_view
2021-05-28 18:19:37,848 Import.views DEBUG    User session successful
2021-05-28 18:19:37,858 Import.views INFO     Inside import_view
2021-05-28 18:19:37,862 Import.views DEBUG    User session successful
2021-05-28 18:19:37,909 Import.views INFO     Inside import_view
2021-05-28 18:19:37,911 Import.views DEBUG    User session successful
2021-05-28 18:19:37,919 Import.views INFO     Inside import_view
2021-05-28 18:19:37,922 Import.views DEBUG    User session successful
2021-05-28 18:19:37,930 Import.views INFO     Inside import_view
2021-05-28 18:19:37,933 Import.views DEBUG    User session successful
2021-05-28 18:19:37,978 Import.views INFO     Inside import_view
2021-05-28 18:19:37,982 Import.views DEBUG    User session successful
2021-05-28 18:19:37,986 Import.views INFO     Inside import_view
2021-05-28 18:19:37,988 Import.views DEBUG    User session successful
2021-05-28 18:19:39,525 Import.views INFO     Inside import_view
2021-05-28 18:19:39,528 Import.views DEBUG    User session successful
2021-05-28 18:19:39,540 Import.views INFO     Inside import_view
2021-05-28 18:19:39,543 Import.views DEBUG    User session successful
2021-05-28 18:19:39,591 Import.views INFO     Inside import_view
2021-05-28 18:19:39,593 Import.views DEBUG    User session successful
2021-05-28 18:19:39,598 Import.views INFO     Inside import_view
2021-05-28 18:19:39,601 Import.views DEBUG    User session successful
2021-05-28 18:19:39,608 Import.views INFO     Inside import_view
2021-05-28 18:19:39,610 Import.views DEBUG    User session successful
2021-05-28 18:19:39,657 Import.views INFO     Inside import_view
2021-05-28 18:19:39,659 Import.views DEBUG    User session successful
2021-05-28 18:19:39,667 Import.views INFO     Inside import_view
2021-05-28 18:19:39,669 Import.views DEBUG    User session successful
2021-05-28 18:19:39,673 Import.views INFO     Inside import_view
2021-05-28 18:19:39,675 Import.views DEBUG    User session successful
2021-05-28 18:19:39,721 Import.views INFO     Inside import_view
2021-05-28 18:19:39,724 Import.views DEBUG    User session successful
2021-05-28 18:19:39,735 Import.views INFO     Inside import_view
2021-05-28 18:19:39,737 Import.views DEBUG    User session successful
2021-05-28 18:19:39,741 Import.views INFO     Inside import_view
2021-05-28 18:19:39,743 Import.views DEBUG    User session successful
2021-05-28 18:19:39,793 Import.views INFO     Inside import_view
2021-05-28 18:19:39,799 Import.views DEBUG    User session successful
2021-05-28 18:19:39,807 Import.views INFO     Inside import_view
2021-05-28 18:19:39,810 Import.views DEBUG    User session successful
2021-05-28 18:19:39,817 Import.views INFO     Inside import_view
2021-05-28 18:19:39,820 Import.views DEBUG    User session successful
2021-05-28 18:19:39,870 Import.views INFO     Inside import_view
2021-05-28 18:19:39,873 Import.views DEBUG    User session successful
2021-05-28 18:19:39,879 Import.views INFO     Inside import_view
2021-05-28 18:19:39,882 Import.views DEBUG    User session successful
2021-05-28 18:19:39,888 Import.views INFO     Inside import_view
2021-05-28 18:19:39,890 Import.views DEBUG    User session successful
2021-05-28 18:19:39,937 Import.views INFO     Inside import_view
2021-05-28 18:19:39,939 Import.views DEBUG    User session successful
2021-05-28 18:19:39,945 Import.views INFO     Inside import_view
2021-05-28 18:19:39,949 Import.views DEBUG    User session successful
2021-05-28 18:19:39,957 Import.views INFO     Inside import_view
2021-05-28 18:19:39,959 Import.views DEBUG    User session successful
2021-05-28 18:19:40,006 Import.views INFO     Inside import_view
2021-05-28 18:19:40,009 Import.views DEBUG    User session successful
2021-05-28 18:19:54,536 django.utils.autoreload INFO     /home/harsh/.virtualenvs/teamProject/src/Import/views.py changed, reloading.
2021-05-28 18:19:54,537 asyncio      DEBUG    Using selector: EpollSelector
2021-05-28 18:19:54,939 django.utils.autoreload INFO     Watching for file changes with StatReloader
2021-05-28 18:19:55,440 Import.views INFO     Inside import_view
2021-05-28 18:19:55,443 Import.views DEBUG    User session successful
2021-05-28 18:19:55,460 Import.views INFO     Inside insertImportOrder_view
2021-05-28 18:19:55,529 django.request ERROR    Internal Server Error: /import
Traceback (most recent call last):
  File "/home/harsh/.virtualenvs/teamProject/lib/python3.8/site-packages/django/core/handlers/exception.py", line 47, in inner
    response = get_response(request)
  File "/home/harsh/.virtualenvs/teamProject/lib/python3.8/site-packages/django/core/handlers/base.py", line 188, in _get_response
    self.check_response(response, callback)
  File "/home/harsh/.virtualenvs/teamProject/lib/python3.8/site-packages/django/core/handlers/base.py", line 309, in check_response
    raise ValueError(
ValueError: The view Import.views.insertImportOrder_view didn't return an HttpResponse object. It returned None instead.
2021-05-28 18:19:55,664 django.request WARNING  Not Found: /favicon.ico
2021-05-28 18:20:10,333 django.utils.autoreload INFO     /home/harsh/.virtualenvs/teamProject/src/Import/views.py changed, reloading.
2021-05-28 18:20:10,333 asyncio      DEBUG    Using selector: EpollSelector
2021-05-28 18:20:10,723 django.utils.autoreload INFO     Watching for file changes with StatReloader
2021-05-28 18:20:12,569 Import.views INFO     Inside displayImportOrders_view
2021-05-28 18:20:12,572 Import.views INFO     User session successful
2021-05-28 18:20:12,572 Import.views INFO     Record fetched successfully and request redirected to importOrders page.
2021-05-28 18:20:12,712 django.request WARNING  Not Found: /favicon.ico
2021-05-28 18:20:17,699 Import.views INFO     Inside import_view
2021-05-28 18:20:17,703 Import.views DEBUG    User session successful
2021-05-28 18:20:17,770 django.request ERROR    Internal Server Error: /menu
Traceback (most recent call last):
  File "/home/harsh/.virtualenvs/teamProject/lib/python3.8/site-packages/django/core/handlers/exception.py", line 47, in inner
    response = get_response(request)
  File "/home/harsh/.virtualenvs/teamProject/lib/python3.8/site-packages/django/core/handlers/base.py", line 181, in _get_response
    response = wrapped_callback(request, *callback_args, **callback_kwargs)
  File "/home/harsh/.virtualenvs/teamProject/src/Import/views.py", line 58, in import_view
    return redirect('menu')
  File "/home/harsh/.virtualenvs/teamProject/lib/python3.8/site-packages/django/shortcuts.py", line 41, in redirect
    return redirect_class(resolve_url(to, *args, **kwargs))
  File "/home/harsh/.virtualenvs/teamProject/lib/python3.8/site-packages/django/shortcuts.py", line 130, in resolve_url
    return reverse(to, args=args, kwargs=kwargs)
  File "/home/harsh/.virtualenvs/teamProject/lib/python3.8/site-packages/django/urls/base.py", line 86, in reverse
    return resolver._reverse_with_prefix(view, prefix, *args, **kwargs)
  File "/home/harsh/.virtualenvs/teamProject/lib/python3.8/site-packages/django/urls/resolvers.py", line 694, in _reverse_with_prefix
    raise NoReverseMatch(msg)
django.urls.exceptions.NoReverseMatch: Reverse for 'menu' not found. 'menu' is not a valid view function or pattern name.
2021-05-28 18:20:28,858 Import.views INFO     Inside import_view
2021-05-28 18:20:28,861 Import.views DEBUG    User session successful
2021-05-28 18:20:28,909 django.request ERROR    Internal Server Error: /menu
Traceback (most recent call last):
  File "/home/harsh/.virtualenvs/teamProject/lib/python3.8/site-packages/django/core/handlers/exception.py", line 47, in inner
    response = get_response(request)
  File "/home/harsh/.virtualenvs/teamProject/lib/python3.8/site-packages/django/core/handlers/base.py", line 181, in _get_response
    response = wrapped_callback(request, *callback_args, **callback_kwargs)
  File "/home/harsh/.virtualenvs/teamProject/src/Import/views.py", line 58, in import_view
    return redirect('menu')
  File "/home/harsh/.virtualenvs/teamProject/lib/python3.8/site-packages/django/shortcuts.py", line 41, in redirect
    return redirect_class(resolve_url(to, *args, **kwargs))
  File "/home/harsh/.virtualenvs/teamProject/lib/python3.8/site-packages/django/shortcuts.py", line 130, in resolve_url
    return reverse(to, args=args, kwargs=kwargs)
  File "/home/harsh/.virtualenvs/teamProject/lib/python3.8/site-packages/django/urls/base.py", line 86, in reverse
    return resolver._reverse_with_prefix(view, prefix, *args, **kwargs)
  File "/home/harsh/.virtualenvs/teamProject/lib/python3.8/site-packages/django/urls/resolvers.py", line 694, in _reverse_with_prefix
    raise NoReverseMatch(msg)
django.urls.exceptions.NoReverseMatch: Reverse for 'menu' not found. 'menu' is not a valid view function or pattern name.
2021-05-28 18:20:44,349 django.utils.autoreload INFO     /home/harsh/.virtualenvs/teamProject/src/Import/views.py changed, reloading.
2021-05-28 18:20:44,350 asyncio      DEBUG    Using selector: EpollSelector
2021-05-28 18:20:44,704 django.utils.autoreload INFO     Watching for file changes with StatReloader
2021-05-28 18:20:46,936 django.utils.autoreload INFO     /home/harsh/.virtualenvs/teamProject/src/Import/views.py changed, reloading.
2021-05-28 18:20:46,937 asyncio      DEBUG    Using selector: EpollSelector
2021-05-28 18:20:47,303 django.utils.autoreload INFO     Watching for file changes with StatReloader
2021-05-28 18:20:49,350 django.request WARNING  Not Found: /favicon.ico
2021-05-28 18:20:49,797 Import.views INFO     Inside displayImportOrders_view
2021-05-28 18:20:49,801 Import.views INFO     User session successful
2021-05-28 18:20:49,801 Import.views INFO     Record fetched successfully and request redirected to importOrders page.
2021-05-28 18:20:49,906 django.request WARNING  Not Found: /favicon.ico
2021-05-28 18:20:54,406 Import.views INFO     Inside import_view
2021-05-28 18:20:54,409 Import.views DEBUG    User session successful
2021-05-28 18:20:54,445 django.request WARNING  Not Found: /menu/
2021-05-28 18:20:54,578 django.request WARNING  Not Found: /favicon.ico
2021-05-28 18:20:59,732 django.utils.autoreload INFO     /home/harsh/.virtualenvs/teamProject/src/Import/views.py changed, reloading.
2021-05-28 18:20:59,732 asyncio      DEBUG    Using selector: EpollSelector
2021-05-28 18:21:00,123 django.utils.autoreload INFO     Watching for file changes with StatReloader
2021-05-28 18:21:02,349 Import.views INFO     Inside displayImportOrders_view
2021-05-28 18:21:02,354 Import.views INFO     User session successful
2021-05-28 18:21:02,355 Import.views INFO     Record fetched successfully and request redirected to importOrders page.
2021-05-28 18:21:02,589 django.request WARNING  Not Found: /favicon.ico
2021-05-28 18:21:05,736 Import.views INFO     Inside import_view
2021-05-28 18:21:05,739 Import.views DEBUG    User session successful
2021-05-28 18:21:05,771 django.request WARNING  Not Found: /menu/
2021-05-28 18:21:12,602 django.utils.autoreload INFO     /home/harsh/.virtualenvs/teamProject/src/Import/views.py changed, reloading.
2021-05-28 18:21:12,602 asyncio      DEBUG    Using selector: EpollSelector
2021-05-28 18:21:12,990 django.utils.autoreload INFO     Watching for file changes with StatReloader
2021-05-28 18:21:15,118 django.request WARNING  Not Found: /menu/
2021-05-28 18:21:15,153 django.request WARNING  Not Found: /favicon.ico
2021-05-28 18:21:18,513 Import.views INFO     Inside import_view
2021-05-28 18:21:18,516 Import.views DEBUG    User session successful
2021-05-28 18:21:18,541 Import.views INFO     Inside import_view
2021-05-28 18:21:18,545 Import.views DEBUG    User session successful
2021-05-28 18:21:18,550 Import.views INFO     Inside import_view
2021-05-28 18:21:18,555 Import.views DEBUG    User session successful
2021-05-28 18:21:18,601 Import.views INFO     Inside import_view
2021-05-28 18:21:18,604 Import.views DEBUG    User session successful
2021-05-28 18:21:18,612 Import.views INFO     Inside import_view
2021-05-28 18:21:18,614 Import.views DEBUG    User session successful
2021-05-28 18:21:18,619 Import.views INFO     Inside import_view
2021-05-28 18:21:18,621 Import.views DEBUG    User session successful
2021-05-28 18:21:18,671 Import.views INFO     Inside import_view
2021-05-28 18:21:18,675 Import.views DEBUG    User session successful
2021-05-28 18:21:18,680 Import.views INFO     Inside import_view
2021-05-28 18:21:18,683 Import.views DEBUG    User session successful
2021-05-28 18:21:18,691 Import.views INFO     Inside import_view
2021-05-28 18:21:18,693 Import.views DEBUG    User session successful
2021-05-28 18:21:18,738 Import.views INFO     Inside import_view
2021-05-28 18:21:18,742 Import.views DEBUG    User session successful
2021-05-28 18:21:18,748 Import.views INFO     Inside import_view
2021-05-28 18:21:18,751 Import.views DEBUG    User session successful
2021-05-28 18:21:18,759 Import.views INFO     Inside import_view
2021-05-28 18:21:18,761 Import.views DEBUG    User session successful
2021-05-28 18:21:18,809 Import.views INFO     Inside import_view
2021-05-28 18:21:18,811 Import.views DEBUG    User session successful
2021-05-28 18:21:18,816 Import.views INFO     Inside import_view
2021-05-28 18:21:18,818 Import.views DEBUG    User session successful
2021-05-28 18:21:18,822 Import.views INFO     Inside import_view
2021-05-28 18:21:18,825 Import.views DEBUG    User session successful
2021-05-28 18:21:18,869 Import.views INFO     Inside import_view
2021-05-28 18:21:18,872 Import.views DEBUG    User session successful
2021-05-28 18:21:18,879 Import.views INFO     Inside import_view
2021-05-28 18:21:18,881 Import.views DEBUG    User session successful
2021-05-28 18:21:18,893 Import.views INFO     Inside import_view
2021-05-28 18:21:18,896 Import.views DEBUG    User session successful
2021-05-28 18:21:18,941 Import.views INFO     Inside import_view
2021-05-28 18:21:18,944 Import.views DEBUG    User session successful
2021-05-28 18:21:18,948 Import.views INFO     Inside import_view
2021-05-28 18:21:18,952 Import.views DEBUG    User session successful
2021-05-28 18:21:18,960 Import.views INFO     Inside import_view
2021-05-28 18:21:18,962 Import.views DEBUG    User session successful
2021-05-28 18:21:36,006 asyncio      DEBUG    Using selector: EpollSelector
2021-05-28 18:21:36,120 asyncio      DEBUG    Using selector: EpollSelector
2021-05-28 18:21:40,482 django.utils.autoreload INFO     Watching for file changes with StatReloader
2021-05-28 18:21:44,109 Import.views INFO     Main Dashboard page is requested
2021-05-28 18:21:48,616 Import.views INFO     Inside displayImportOrders_view
2021-05-28 18:21:48,619 Import.views INFO     User session successful
2021-05-28 18:21:48,619 Import.views INFO     Record fetched successfully and request redirected to importOrders page.
2021-05-28 18:21:51,041 django.request WARNING  Not Found: /favicon.ico
2021-05-28 18:22:00,149 Import.views INFO     Inside displayCompanies_view
2021-05-28 18:22:00,154 Import.views INFO     User session successful
2021-05-28 18:22:00,154 Import.views INFO     Record fetched successfully and request redirected to viewCompanies page.
2021-05-28 18:22:02,107 Import.views INFO     Inside logout_view
2021-05-28 18:22:02,110 Import.views INFO     Logout successful and request redirected to login dashboard
2021-05-28 18:22:02,248 Import.views INFO     Main Dashboard page is requested
2021-05-28 18:22:07,116 Import.views INFO     Inside displayCompanies_view
2021-05-28 18:22:07,119 Import.views WARNING  User session not found and request redirected to dashboard.
2021-05-28 18:22:07,124 Import.views INFO     Main Dashboard page is requested
2021-05-28 18:22:15,595 Import.views INFO     Inside portalLogin_view
2021-05-28 18:22:15,595 Import.views INFO     User authenticated and request sent to next page
2021-05-28 18:22:19,623 Import.views INFO     Inside displayImportOrders_view
2021-05-28 18:22:19,626 Import.views INFO     User session successful
2021-05-28 18:22:19,626 Import.views INFO     Record fetched successfully and request redirected to importOrders page.
2021-05-28 18:22:22,686 Import.views INFO     Inside import_view
2021-05-28 18:22:22,689 Import.views DEBUG    User session successful
2021-05-28 18:22:22,695 Import.views INFO     Inside import_view
2021-05-28 18:22:22,704 Import.views DEBUG    User session successful
2021-05-28 18:22:22,753 Import.views INFO     Inside import_view
2021-05-28 18:22:22,757 Import.views DEBUG    User session successful
2021-05-28 18:22:22,761 Import.views INFO     Inside import_view
2021-05-28 18:22:22,764 Import.views DEBUG    User session successful
2021-05-28 18:22:22,768 Import.views INFO     Inside import_view
2021-05-28 18:22:22,770 Import.views DEBUG    User session successful
2021-05-28 18:22:22,817 Import.views INFO     Inside import_view
2021-05-28 18:22:22,819 Import.views DEBUG    User session successful
2021-05-28 18:22:22,824 Import.views INFO     Inside import_view
2021-05-28 18:22:22,827 Import.views DEBUG    User session successful
2021-05-28 18:22:22,833 Import.views INFO     Inside import_view
2021-05-28 18:22:22,836 Import.views DEBUG    User session successful
2021-05-28 18:22:22,881 Import.views INFO     Inside import_view
2021-05-28 18:22:22,883 Import.views DEBUG    User session successful
2021-05-28 18:22:22,889 Import.views INFO     Inside import_view
2021-05-28 18:22:22,891 Import.views DEBUG    User session successful
2021-05-28 18:22:22,895 Import.views INFO     Inside import_view
2021-05-28 18:22:22,899 Import.views DEBUG    User session successful
2021-05-28 18:22:22,946 Import.views INFO     Inside import_view
2021-05-28 18:22:22,949 Import.views DEBUG    User session successful
2021-05-28 18:22:22,954 Import.views INFO     Inside import_view
2021-05-28 18:22:22,957 Import.views DEBUG    User session successful
2021-05-28 18:22:22,961 Import.views INFO     Inside import_view
2021-05-28 18:22:22,963 Import.views DEBUG    User session successful
2021-05-28 18:22:23,010 Import.views INFO     Inside import_view
2021-05-28 18:22:23,013 Import.views DEBUG    User session successful
2021-05-28 18:22:23,019 Import.views INFO     Inside import_view
2021-05-28 18:22:23,022 Import.views DEBUG    User session successful
2021-05-28 18:22:23,027 Import.views INFO     Inside import_view
2021-05-28 18:22:23,030 Import.views DEBUG    User session successful
2021-05-28 18:22:23,077 Import.views INFO     Inside import_view
2021-05-28 18:22:23,080 Import.views DEBUG    User session successful
2021-05-28 18:22:23,086 Import.views INFO     Inside import_view
2021-05-28 18:22:23,088 Import.views DEBUG    User session successful
2021-05-28 18:22:23,094 Import.views INFO     Inside import_view
2021-05-28 18:22:23,098 Import.views DEBUG    User session successful
2021-05-28 18:22:23,146 Import.views INFO     Inside import_view
2021-05-28 18:22:23,149 Import.views DEBUG    User session successful
2021-05-28 18:22:32,279 Import.views INFO     Inside displayImportOrders_view
2021-05-28 18:22:32,282 Import.views INFO     User session successful
2021-05-28 18:22:32,282 Import.views INFO     Record fetched successfully and request redirected to importOrders page.
2021-05-28 18:22:32,417 django.request WARNING  Not Found: /favicon.ico
2021-05-28 18:23:22,669 django.utils.autoreload INFO     /home/harsh/.virtualenvs/teamProject/src/Import/views.py changed, reloading.
2021-05-28 18:23:22,670 asyncio      DEBUG    Using selector: EpollSelector
2021-05-28 18:23:23,051 django.utils.autoreload INFO     Watching for file changes with StatReloader
2021-05-28 18:23:24,361 Import.views INFO     Inside displayImportOrders_view
2021-05-28 18:23:24,364 Import.views INFO     User session successful
2021-05-28 18:23:24,365 Import.views INFO     Record fetched successfully and request redirected to importOrders page.
2021-05-28 18:23:24,459 django.request WARNING  Not Found: /favicon.ico
2021-05-28 18:23:26,279 Import.views INFO     Inside import_view
2021-05-28 18:23:26,282 Import.views DEBUG    User session successful
2021-05-28 18:23:35,661 django.request WARNING  Not Found: /about.html
2021-05-28 18:23:35,766 django.request WARNING  Not Found: /favicon.ico
2021-05-28 18:23:37,783 django.request WARNING  Not Found: /favicon.ico
2021-05-28 18:23:40,622 Import.views INFO     Inside displayImportOrders_view
2021-05-28 18:23:40,625 Import.views INFO     User session successful
2021-05-28 18:23:40,626 Import.views INFO     Record fetched successfully and request redirected to importOrders page.
2021-05-28 18:23:43,273 Import.views INFO     Inside displayCompanies_view
2021-05-28 18:23:43,278 Import.views INFO     User session successful
2021-05-28 18:23:43,278 Import.views INFO     Record fetched successfully and request redirected to viewCompanies page.
2021-05-28 18:23:45,343 Import.views INFO     Inside import_view
2021-05-28 18:23:45,345 Import.views DEBUG    User session successful
2021-05-28 18:23:48,406 Import.views INFO     Inside logout_view
2021-05-28 18:23:48,408 Import.views INFO     Logout successful and request redirected to login dashboard
2021-05-28 18:23:48,657 Import.views INFO     Main Dashboard page is requested
2021-05-28 18:23:52,270 Import.views INFO     Inside displayCompanies_view
2021-05-28 18:23:52,272 Import.views WARNING  User session not found and request redirected to dashboard.
2021-05-28 18:23:52,302 Import.views INFO     Main Dashboard page is requested
2021-05-28 18:23:56,548 asyncio      DEBUG    Using selector: EpollSelector
2021-05-28 18:23:56,662 asyncio      DEBUG    Using selector: EpollSelector
2021-05-29 05:23:17,419 django.utils.autoreload INFO     Watching for file changes with StatReloader
2021-05-29 05:23:22,467 Import.views INFO     Main Dashboard page is requested
2021-05-29 05:25:47,137 django.utils.autoreload INFO     /home/harsh/.virtualenvs/teamProject/src/Import/views.py changed, reloading.
2021-05-29 05:25:47,137 asyncio      DEBUG    Using selector: EpollSelector
2021-05-29 05:25:47,515 django.utils.autoreload INFO     Watching for file changes with StatReloader
2021-05-29 05:25:52,471 Import.views INFO     Inside portalLogin_view
2021-05-29 05:25:52,471 Import.views INFO     User authenticated and request sent to next page
2021-05-29 05:26:02,499 Import.views INFO     Inside displayImportOrders_view
2021-05-29 05:26:02,503 Import.views INFO     User session successful
2021-05-29 05:26:02,504 Import.views INFO     Record fetched successfully and request redirected to importOrders page.
2021-05-29 05:26:06,175 Import.views INFO     Inside import_view
2021-05-29 05:26:06,178 Import.views DEBUG    User session successful
2021-05-29 05:26:20,635 Import.views INFO     Inside displayImportOrders_view
2021-05-29 05:26:20,638 Import.views INFO     User session successful
2021-05-29 05:26:20,638 Import.views INFO     Record fetched successfully and request redirected to importOrders page.
2021-05-29 05:26:22,121 Import.views INFO     Inside import_view
2021-05-29 05:26:22,123 Import.views DEBUG    User session successful
2021-05-29 05:26:23,556 Import.views INFO     Inside displayImportOrders_view
2021-05-29 05:26:23,558 Import.views INFO     User session successful
2021-05-29 05:26:23,560 Import.views INFO     Record fetched successfully and request redirected to importOrders page.
2021-05-29 05:26:24,906 Import.views INFO     Inside displayCompanies_view
2021-05-29 05:26:24,908 Import.views INFO     User session successful
2021-05-29 05:26:24,909 Import.views INFO     Record fetched successfully and request redirected to viewCompanies page.
2021-05-29 05:26:34,677 Import.views INFO     Inside logout_view
2021-05-29 05:26:34,680 Import.views INFO     Logout successful and request redirected to login dashboard
2021-05-29 05:26:34,759 Import.views INFO     Main Dashboard page is requested
2021-05-29 05:30:08,010 django.utils.autoreload INFO     /home/harsh/.virtualenvs/teamProject/src/Import/views.py changed, reloading.
2021-05-29 05:30:08,010 asyncio      DEBUG    Using selector: EpollSelector
2021-05-29 05:30:08,556 django.utils.autoreload INFO     Watching for file changes with StatReloader
2021-05-29 05:30:35,962 django.utils.autoreload INFO     /home/harsh/.virtualenvs/teamProject/src/Import/views.py changed, reloading.
2021-05-29 05:30:35,962 asyncio      DEBUG    Using selector: EpollSelector
2021-05-29 05:30:36,304 django.utils.autoreload INFO     Watching for file changes with StatReloader
2021-05-29 05:30:50,744 Import.views INFO     Inside insertImportOrder_view
2021-05-29 05:30:50,747 Import.views WARNING  User session not found and request redirected to dashboard.
2021-05-29 05:30:50,765 Import.views INFO     Main Dashboard page is requested
2021-05-29 05:31:04,799 Import.views INFO     Inside import_view
2021-05-29 05:31:04,802 Import.views WARNING  User session not found and request redirected to dashboard.
2021-05-29 05:31:04,819 Import.views INFO     Main Dashboard page is requested
2021-05-29 05:31:12,333 Import.views INFO     Inside displayCompanies_view
2021-05-29 05:31:12,336 Import.views WARNING  User session not found and request redirected to dashboard.
2021-05-29 05:31:12,350 Import.views INFO     Main Dashboard page is requested
2021-05-29 05:31:16,308 Import.views INFO     Inside displayImportOrders_view
2021-05-29 05:31:16,311 Import.views WARNING  User session not found and request redirected to dashboard.
2021-05-29 05:31:16,318 Import.views INFO     Main Dashboard page is requested
2021-05-29 05:31:23,613 Import.views INFO     Inside logout_view
2021-05-29 05:31:23,617 Import.views INFO     Logout successful and request redirected to login dashboard
2021-05-29 05:31:23,636 Import.views INFO     Main Dashboard page is requested
2021-05-29 05:33:30,095 django.utils.autoreload INFO     /home/harsh/.virtualenvs/teamProject/src/Import/views.py changed, reloading.
2021-05-29 05:33:30,096 asyncio      DEBUG    Using selector: EpollSelector
2021-05-29 05:33:30,437 django.utils.autoreload INFO     Watching for file changes with StatReloader
2021-05-29 05:34:01,922 django.utils.autoreload INFO     /home/harsh/.virtualenvs/teamProject/src/Import/views.py changed, reloading.
2021-05-29 05:34:01,923 asyncio      DEBUG    Using selector: EpollSelector
2021-05-29 05:34:02,279 django.utils.autoreload INFO     Watching for file changes with StatReloader
2021-05-29 05:36:30,787 django.utils.autoreload INFO     Watching for file changes with StatReloader
2021-05-29 05:36:30,901 asyncio      DEBUG    Using selector: EpollSelector
2021-05-29 05:36:49,347 django.utils.autoreload INFO     Watching for file changes with StatReloader
2021-05-29 05:36:49,470 asyncio      DEBUG    Using selector: EpollSelector
2021-05-29 05:36:56,118 Import.views INFO     Main Dashboard page is requested
2021-05-29 05:36:56,425 django.request WARNING  Not Found: /favicon.ico
2021-05-29 05:37:45,486 django.utils.autoreload INFO     /home/harsh/.virtualenvs/teamProject/src/Import/views.py changed, reloading.
2021-05-29 05:37:45,487 asyncio      DEBUG    Using selector: EpollSelector
2021-05-29 05:37:45,872 django.utils.autoreload INFO     Watching for file changes with StatReloader
2021-05-29 05:38:04,268 django.utils.autoreload INFO     /home/harsh/.virtualenvs/teamProject/src/Import/views.py changed, reloading.
2021-05-29 05:38:04,269 asyncio      DEBUG    Using selector: EpollSelector
2021-05-29 05:38:04,669 django.utils.autoreload INFO     Watching for file changes with StatReloader
2021-05-29 05:38:31,146 django.utils.autoreload INFO     /home/harsh/.virtualenvs/teamProject/src/Import/views.py changed, reloading.
2021-05-29 05:38:31,146 asyncio      DEBUG    Using selector: EpollSelector
2021-05-29 05:38:31,524 django.utils.autoreload INFO     Watching for file changes with StatReloader
2021-05-29 05:39:02,092 django.utils.autoreload INFO     /home/harsh/.virtualenvs/teamProject/src/Import/views.py changed, reloading.
2021-05-29 05:39:02,092 asyncio      DEBUG    Using selector: EpollSelector
2021-05-29 05:39:02,489 django.utils.autoreload INFO     Watching for file changes with StatReloader
2021-05-29 05:40:58,875 django.utils.autoreload INFO     /home/harsh/.virtualenvs/teamProject/src/Import/views.py changed, reloading.
2021-05-29 05:40:58,875 asyncio      DEBUG    Using selector: EpollSelector
2021-05-29 05:40:59,411 django.utils.autoreload INFO     Watching for file changes with StatReloader
2021-05-29 05:43:03,805 django.utils.autoreload INFO     /home/harsh/.virtualenvs/teamProject/src/Import/views.py changed, reloading.
2021-05-29 05:43:03,806 asyncio      DEBUG    Using selector: EpollSelector
2021-05-29 05:43:04,184 django.utils.autoreload INFO     Watching for file changes with StatReloader
2021-05-29 05:44:56,181 django.utils.autoreload INFO     /home/harsh/.virtualenvs/teamProject/src/Import/views.py changed, reloading.
2021-05-29 05:44:56,182 asyncio      DEBUG    Using selector: EpollSelector
2021-05-29 05:44:56,793 django.utils.autoreload INFO     Watching for file changes with StatReloader
2021-05-29 05:45:16,312 django.utils.autoreload INFO     /home/harsh/.virtualenvs/teamProject/src/Import/views.py changed, reloading.
2021-05-29 05:45:16,312 asyncio      DEBUG    Using selector: EpollSelector
2021-05-29 05:45:16,711 django.utils.autoreload INFO     Watching for file changes with StatReloader
2021-05-29 05:45:28,102 django.utils.autoreload INFO     /home/harsh/.virtualenvs/teamProject/src/Import/views.py changed, reloading.
2021-05-29 05:45:28,102 asyncio      DEBUG    Using selector: EpollSelector
2021-05-29 05:45:28,516 django.utils.autoreload INFO     Watching for file changes with StatReloader
2021-05-29 05:45:44,950 django.utils.autoreload INFO     /home/harsh/.virtualenvs/teamProject/src/Import/views.py changed, reloading.
2021-05-29 05:45:44,951 asyncio      DEBUG    Using selector: EpollSelector
2021-05-29 05:45:45,339 django.utils.autoreload INFO     Watching for file changes with StatReloader
2021-05-29 05:56:20,599 django.utils.autoreload INFO     /home/harsh/.virtualenvs/teamProject/src/Import/views.py changed, reloading.
2021-05-29 05:56:20,600 asyncio      DEBUG    Using selector: EpollSelector
2021-05-29 05:56:20,964 django.utils.autoreload INFO     Watching for file changes with StatReloader
2021-05-29 05:57:32,831 django.utils.autoreload INFO     /home/harsh/.virtualenvs/teamProject/src/Import/views.py changed, reloading.
2021-05-29 05:57:32,831 asyncio      DEBUG    Using selector: EpollSelector
2021-05-29 05:57:33,192 django.utils.autoreload INFO     Watching for file changes with StatReloader
2021-05-29 05:58:01,647 django.utils.autoreload INFO     /home/harsh/.virtualenvs/teamProject/src/Import/views.py changed, reloading.
2021-05-29 05:58:01,647 asyncio      DEBUG    Using selector: EpollSelector
2021-05-29 05:58:02,103 django.utils.autoreload INFO     Watching for file changes with StatReloader
2021-05-29 06:01:18,913 Import.views INFO     Inside portalLogin_view
2021-05-29 06:01:18,913 Import.views INFO     User authenticated and request sent to next page
2021-05-29 06:03:27,298 django.utils.autoreload INFO     /home/harsh/.virtualenvs/teamProject/src/templates/menuPage.html changed, reloading.
2021-05-29 06:03:27,299 asyncio      DEBUG    Using selector: EpollSelector
2021-05-29 06:03:27,650 django.utils.autoreload INFO     Watching for file changes with StatReloader
2021-05-29 06:03:31,567 Import.views INFO     Inside portalLogin_view
2021-05-29 06:03:31,567 Import.views INFO     User authenticated and request sent to next page
2021-05-29 06:03:32,039 django.request WARNING  Not Found: /favicon.ico
2021-05-29 06:04:00,386 Import.views INFO     Inside import_view
2021-05-29 06:04:00,388 Import.views DEBUG    User session successful
2021-05-29 06:04:00,388 Import.views INFO     Request redirected to next page if the user selects import option from the menu
2021-05-29 06:04:24,397 django.utils.autoreload INFO     /home/harsh/.virtualenvs/teamProject/src/templates/importPage.html changed, reloading.
2021-05-29 06:04:24,397 asyncio      DEBUG    Using selector: EpollSelector
2021-05-29 06:04:24,760 django.utils.autoreload INFO     Watching for file changes with StatReloader
2021-05-29 06:04:28,080 Import.views INFO     Inside import_view
2021-05-29 06:04:28,082 Import.views DEBUG    User session successful
2021-05-29 06:04:28,083 Import.views INFO     Request redirected to next page if the user selects import option from the menu
2021-05-29 06:04:28,288 django.request WARNING  Not Found: /favicon.ico
2021-05-29 06:07:12,497 django.utils.autoreload INFO     /home/harsh/.virtualenvs/teamProject/src/templates/importPage.html changed, reloading.
2021-05-29 06:07:12,497 asyncio      DEBUG    Using selector: EpollSelector
2021-05-29 06:07:12,897 django.utils.autoreload INFO     Watching for file changes with StatReloader
2021-05-29 06:07:15,106 Import.views INFO     Inside import_view
2021-05-29 06:07:15,110 Import.views DEBUG    User session successful
2021-05-29 06:07:15,110 Import.views INFO     Request redirected to next page if the user selects import option from the menu
2021-05-29 06:07:15,251 django.request WARNING  Not Found: /favicon.ico
2021-05-29 06:07:54,550 Import.views INFO     Inside import_view
2021-05-29 06:07:54,553 Import.views DEBUG    User session successful
2021-05-29 06:07:54,554 Import.views INFO     Request redirected to next page if the user selects import option from the menu
2021-05-29 06:07:54,667 django.request WARNING  Not Found: /favicon.ico
2021-05-29 06:09:04,253 Import.views INFO     Inside import_view
2021-05-29 06:09:04,255 Import.views DEBUG    User session successful
2021-05-29 06:09:04,255 Import.views INFO     Request redirected to next page if the user selects import option from the menu
2021-05-29 06:09:04,369 django.request WARNING  Not Found: /favicon.ico
2021-05-29 06:09:14,652 Import.views INFO     Inside import_view
2021-05-29 06:09:14,654 Import.views DEBUG    User session successful
2021-05-29 06:09:14,655 Import.views INFO     Request redirected to next page if the user selects import option from the menu
2021-05-29 06:09:14,756 django.request WARNING  Not Found: /favicon.ico
2021-05-29 06:09:24,905 Import.views INFO     Inside import_view
2021-05-29 06:09:24,908 Import.views DEBUG    User session successful
2021-05-29 06:09:24,908 Import.views INFO     Request redirected to next page if the user selects import option from the menu
2021-05-29 06:09:25,030 django.request WARNING  Not Found: /favicon.ico
2021-05-29 06:09:33,885 Import.views INFO     Inside import_view
2021-05-29 06:09:33,889 Import.views DEBUG    User session successful
2021-05-29 06:09:33,889 Import.views INFO     Request redirected to next page if the user selects import option from the menu
2021-05-29 06:09:34,000 django.request WARNING  Not Found: /favicon.ico
2021-05-29 06:09:42,224 Import.views INFO     Inside import_view
2021-05-29 06:09:42,227 Import.views DEBUG    User session successful
2021-05-29 06:09:42,227 Import.views INFO     Request redirected to next page if the user selects import option from the menu
2021-05-29 06:09:42,336 django.request WARNING  Not Found: /favicon.ico
2021-05-29 06:09:48,633 Import.views INFO     Inside import_view
2021-05-29 06:09:48,637 Import.views DEBUG    User session successful
2021-05-29 06:09:48,637 Import.views INFO     Request redirected to next page if the user selects import option from the menu
2021-05-29 06:09:48,780 django.request WARNING  Not Found: /favicon.ico
2021-05-29 06:11:07,572 Import.views INFO     Inside import_view
2021-05-29 06:11:07,575 Import.views DEBUG    User session successful
2021-05-29 06:11:07,576 Import.views INFO     Request redirected to next page if the user selects import option from the menu
2021-05-29 06:11:07,688 django.request WARNING  Not Found: /favicon.ico
2021-05-29 06:11:49,901 Import.views INFO     Inside import_view
2021-05-29 06:11:49,904 Import.views DEBUG    User session successful
2021-05-29 06:11:49,904 Import.views INFO     Request redirected to next page if the user selects import option from the menu
2021-05-29 06:11:50,026 django.request WARNING  Not Found: /favicon.ico
2021-05-29 06:12:17,575 Import.views INFO     Inside import_view
2021-05-29 06:12:17,577 Import.views DEBUG    User session successful
2021-05-29 06:12:17,578 Import.views INFO     Request redirected to next page if the user selects import option from the menu
2021-05-29 06:12:17,681 django.request WARNING  Not Found: /favicon.ico
2021-05-29 06:12:50,868 Import.views INFO     Inside import_view
2021-05-29 06:12:50,870 Import.views DEBUG    User session successful
2021-05-29 06:12:50,870 Import.views INFO     Request redirected to next page if the user selects import option from the menu
2021-05-29 06:12:50,979 django.request WARNING  Not Found: /favicon.ico
2021-05-29 06:13:06,994 Import.views INFO     Inside import_view
2021-05-29 06:13:06,996 Import.views DEBUG    User session successful
2021-05-29 06:13:06,996 Import.views INFO     Request redirected to next page if the user selects import option from the menu
2021-05-29 06:13:07,129 django.request WARNING  Not Found: /favicon.ico
2021-05-29 06:14:12,992 django.utils.autoreload INFO     /home/harsh/.virtualenvs/teamProject/src/templates/importPage.html changed, reloading.
2021-05-29 06:14:12,992 asyncio      DEBUG    Using selector: EpollSelector
2021-05-29 06:14:13,331 django.utils.autoreload INFO     Watching for file changes with StatReloader
2021-05-29 06:14:27,149 Import.views INFO     Inside import_view
2021-05-29 06:14:27,152 Import.views DEBUG    User session successful
2021-05-29 06:14:27,152 Import.views INFO     Request redirected to next page if the user selects import option from the menu
2021-05-29 06:14:27,271 django.request WARNING  Not Found: /favicon.ico
2021-05-29 06:14:38,488 Import.views INFO     Inside import_view
2021-05-29 06:14:38,490 Import.views DEBUG    User session successful
2021-05-29 06:14:38,490 Import.views INFO     Request redirected to next page if the user selects import option from the menu
2021-05-29 06:14:38,632 django.request WARNING  Not Found: /favicon.ico
2021-05-29 06:14:52,823 Import.views INFO     Inside import_view
2021-05-29 06:14:52,825 Import.views DEBUG    User session successful
2021-05-29 06:14:52,825 Import.views INFO     Request redirected to next page if the user selects import option from the menu
2021-05-29 06:14:52,961 django.request WARNING  Not Found: /favicon.ico
2021-05-29 06:15:36,113 Import.views INFO     Inside import_view
2021-05-29 06:15:36,116 Import.views DEBUG    User session successful
2021-05-29 06:15:36,116 Import.views INFO     Request redirected to next page if the user selects import option from the menu
2021-05-29 06:15:36,262 django.request WARNING  Not Found: /favicon.ico
2021-05-29 06:16:29,106 Import.views INFO     Inside import_view
2021-05-29 06:16:29,109 Import.views DEBUG    User session successful
2021-05-29 06:16:29,110 Import.views INFO     Request redirected to next page if the user selects import option from the menu
2021-05-29 06:16:29,213 django.request WARNING  Not Found: /favicon.ico
2021-05-29 06:16:44,996 Import.views INFO     Inside import_view
2021-05-29 06:16:44,999 Import.views DEBUG    User session successful
2021-05-29 06:16:44,999 Import.views INFO     Request redirected to next page if the user selects import option from the menu
2021-05-29 06:16:45,115 django.request WARNING  Not Found: /favicon.ico
2021-05-29 06:17:12,484 Import.views INFO     Inside import_view
2021-05-29 06:17:12,487 Import.views DEBUG    User session successful
2021-05-29 06:17:12,487 Import.views INFO     Request redirected to next page if the user selects import option from the menu
2021-05-29 06:17:12,607 django.request WARNING  Not Found: /favicon.ico
2021-05-29 06:18:18,830 Import.views INFO     Inside import_view
2021-05-29 06:18:18,833 Import.views DEBUG    User session successful
2021-05-29 06:18:18,834 Import.views INFO     Request redirected to next page if the user selects import option from the menu
2021-05-29 06:18:18,950 django.request WARNING  Not Found: /favicon.ico
2021-05-29 06:18:29,509 Import.views INFO     Inside import_view
2021-05-29 06:18:29,512 Import.views DEBUG    User session successful
2021-05-29 06:18:29,513 Import.views INFO     Request redirected to next page if the user selects import option from the menu
2021-05-29 06:18:29,612 django.request WARNING  Not Found: /favicon.ico
2021-05-29 06:19:04,078 Import.views INFO     Inside import_view
2021-05-29 06:19:04,081 Import.views DEBUG    User session successful
2021-05-29 06:19:04,081 Import.views INFO     Request redirected to next page if the user selects import option from the menu
2021-05-29 06:19:04,184 django.request WARNING  Not Found: /favicon.ico
2021-05-29 06:19:42,071 Import.views INFO     Inside insertImportOrder_view
2021-05-29 06:19:42,074 Import.views DEBUG    User session successful
2021-05-29 06:19:42,232 Import.views INFO     Record inserted in database successfully and request redirected to display orders page.
2021-05-29 06:19:42,243 Import.views INFO     Inside displayImportOrders_view
2021-05-29 06:19:42,247 Import.views DEBUG    User session successful
2021-05-29 06:19:42,247 Import.views INFO     Record fetched successfully and request redirected to importOrders page.
2021-05-29 06:20:51,118 django.utils.autoreload INFO     /home/harsh/.virtualenvs/teamProject/src/templates/importOrders.html changed, reloading.
2021-05-29 06:20:51,119 asyncio      DEBUG    Using selector: EpollSelector
2021-05-29 06:20:51,617 django.utils.autoreload INFO     Watching for file changes with StatReloader
2021-05-29 06:20:52,509 Import.views INFO     Inside displayImportOrders_view
2021-05-29 06:20:52,516 Import.views DEBUG    User session successful
2021-05-29 06:20:52,516 Import.views INFO     Record fetched successfully and request redirected to importOrders page.
2021-05-29 06:20:52,638 django.request WARNING  Not Found: /favicon.ico
2021-05-29 06:20:56,460 Import.views INFO     Inside import_view
2021-05-29 06:20:56,464 Import.views DEBUG    User session successful
2021-05-29 06:20:56,527 django.request WARNING  Not Found: /favicon.ico
2021-05-29 06:21:32,250 Import.views INFO     Inside import_view
2021-05-29 06:21:32,254 Import.views DEBUG    User session successful
2021-05-29 06:21:32,361 django.request WARNING  Not Found: /favicon.ico
2021-05-29 06:21:50,680 Import.views INFO     Inside import_view
2021-05-29 06:21:50,683 Import.views DEBUG    User session successful
2021-05-29 06:21:50,789 django.request WARNING  Not Found: /favicon.ico
2021-05-29 06:22:05,912 Import.views INFO     Inside import_view
2021-05-29 06:22:05,915 Import.views DEBUG    User session successful
2021-05-29 06:22:06,025 django.request WARNING  Not Found: /favicon.ico
2021-05-29 06:23:03,005 Import.views INFO     Inside import_view
2021-05-29 06:23:03,008 Import.views DEBUG    User session successful
2021-05-29 06:23:03,118 django.request WARNING  Not Found: /favicon.ico
2021-05-29 06:23:26,166 Import.views INFO     Inside import_view
2021-05-29 06:23:26,168 Import.views DEBUG    User session successful
2021-05-29 06:23:26,281 django.request WARNING  Not Found: /favicon.ico
2021-05-29 06:23:40,491 Import.views INFO     Inside displayImportOrders_view
2021-05-29 06:23:40,494 Import.views DEBUG    User session successful
2021-05-29 06:23:40,495 Import.views INFO     Record fetched successfully and request redirected to importOrders page.
2021-05-29 06:23:40,560 django.request WARNING  Not Found: /favicon.ico
2021-05-29 06:24:01,430 Import.views DEBUG    User session successful
2021-05-29 06:24:01,431 Import.views INFO     Inside editImportOrders_view
2021-05-29 06:24:01,432 Import.views INFO     Record fetched on the basis of id: 19 and request redirected to editImportPage
2021-05-29 06:25:42,415 django.utils.autoreload INFO     /home/harsh/.virtualenvs/teamProject/src/templates/importPage.html changed, reloading.
2021-05-29 06:25:42,416 asyncio      DEBUG    Using selector: EpollSelector
2021-05-29 06:25:42,798 django.utils.autoreload INFO     Watching for file changes with StatReloader
2021-05-29 06:26:25,351 django.utils.autoreload INFO     /home/harsh/.virtualenvs/teamProject/src/templates/editImportPage.html changed, reloading.
2021-05-29 06:26:25,351 asyncio      DEBUG    Using selector: EpollSelector
2021-05-29 06:26:25,695 django.utils.autoreload INFO     Watching for file changes with StatReloader
2021-05-29 06:26:43,165 Import.views INFO     Inside displayImportOrders_view
2021-05-29 06:26:43,169 Import.views DEBUG    User session successful
2021-05-29 06:26:43,169 Import.views INFO     Record fetched successfully and request redirected to importOrders page.
2021-05-29 06:26:48,585 Import.views DEBUG    User session successful
2021-05-29 06:26:48,585 Import.views INFO     Inside editImportOrders_view
2021-05-29 06:26:48,587 Import.views INFO     Record fetched on the basis of id: 19 and request redirected to editImportPage
2021-05-29 06:28:36,181 Import.views DEBUG    User session successful
2021-05-29 06:28:36,181 Import.views INFO     Inside editImportOrders_view
2021-05-29 06:28:36,183 Import.views INFO     Record fetched on the basis of id: 19 and request redirected to editImportPage
2021-05-29 06:28:36,290 django.request WARNING  Not Found: /favicon.ico
2021-05-29 06:28:47,177 Import.views INFO     Inside displayCompanies_view
2021-05-29 06:28:47,180 Import.views DEBUG    User session successful
2021-05-29 06:28:47,180 Import.views INFO     Record fetched successfully and request redirected to viewCompanies page.
2021-05-29 06:28:47,243 django.request WARNING  Not Found: /favicon.ico
2021-05-29 06:28:51,848 Import.views INFO     Inside import_view
2021-05-29 06:28:51,850 Import.views DEBUG    User session successful
2021-05-29 06:28:55,209 Import.views INFO     Inside displayImportOrders_view
2021-05-29 06:28:55,212 Import.views DEBUG    User session successful
2021-05-29 06:28:55,212 Import.views INFO     Record fetched successfully and request redirected to importOrders page.
2021-05-29 06:28:58,816 Import.views INFO     Inside import_view
2021-05-29 06:28:58,819 Import.views DEBUG    User session successful
2021-05-29 06:29:01,699 Import.views INFO     Inside displayImportOrders_view
2021-05-29 06:29:01,703 Import.views DEBUG    User session successful
2021-05-29 06:29:01,703 Import.views INFO     Record fetched successfully and request redirected to importOrders page.
2021-05-29 06:29:03,094 Import.views DEBUG    User session successful
2021-05-29 06:29:03,095 Import.views INFO     Inside editImportOrders_view
2021-05-29 06:29:03,096 Import.views INFO     Record fetched on the basis of id: 19 and request redirected to editImportPage
2021-05-29 06:29:16,715 Import.views DEBUG    User session successful
2021-05-29 06:29:16,716 Import.views INFO     Inside editImportOrders_view
2021-05-29 06:29:16,717 Import.views INFO     Record fetched on the basis of id: 19 and request redirected to editImportPage
2021-05-29 06:29:16,818 django.request WARNING  Not Found: /favicon.ico
2021-05-29 06:29:20,983 Import.views DEBUG    User session successful
2021-05-29 06:29:20,983 Import.views INFO     Inside editImportOrders_view
2021-05-29 06:29:20,985 Import.views INFO     Record fetched on the basis of id: 19 and request redirected to editImportPage
2021-05-29 06:29:21,085 django.request WARNING  Not Found: /favicon.ico
2021-05-29 06:29:48,761 django.utils.autoreload INFO     /home/harsh/.virtualenvs/teamProject/src/templates/editImportPage.html changed, reloading.
2021-05-29 06:29:48,761 asyncio      DEBUG    Using selector: EpollSelector
2021-05-29 06:29:49,141 django.utils.autoreload INFO     Watching for file changes with StatReloader
2021-05-29 06:29:50,183 Import.views DEBUG    User session successful
2021-05-29 06:29:50,183 Import.views INFO     Inside editImportOrders_view
2021-05-29 06:29:50,184 Import.views INFO     Record fetched on the basis of id: 19 and request redirected to editImportPage
2021-05-29 06:29:50,320 django.request WARNING  Not Found: /favicon.ico
2021-05-29 06:30:15,132 Import.views INFO     Inside updateImportOrders_view
2021-05-29 06:30:15,135 Import.views DEBUG    User session successful
2021-05-29 06:30:15,309 django.request ERROR    Internal Server Error: /update/19
Traceback (most recent call last):
  File "/home/harsh/.virtualenvs/teamProject/lib/python3.8/site-packages/django/core/handlers/exception.py", line 47, in inner
    response = get_response(request)
  File "/home/harsh/.virtualenvs/teamProject/lib/python3.8/site-packages/django/core/handlers/base.py", line 181, in _get_response
    response = wrapped_callback(request, *callback_args, **callback_kwargs)
  File "/home/harsh/.virtualenvs/teamProject/src/Import/views.py", line 145, in updateImportOrders_view
    order.save()
  File "/home/harsh/.virtualenvs/teamProject/lib/python3.8/site-packages/django/db/models/base.py", line 726, in save
    self.save_base(using=using, force_insert=force_insert,
  File "/home/harsh/.virtualenvs/teamProject/lib/python3.8/site-packages/django/db/models/base.py", line 763, in save_base
    updated = self._save_table(
  File "/home/harsh/.virtualenvs/teamProject/lib/python3.8/site-packages/django/db/models/base.py", line 845, in _save_table
    updated = self._do_update(base_qs, using, pk_val, values, update_fields,
  File "/home/harsh/.virtualenvs/teamProject/lib/python3.8/site-packages/django/db/models/base.py", line 899, in _do_update
    return filtered._update(values) > 0
  File "/home/harsh/.virtualenvs/teamProject/lib/python3.8/site-packages/django/db/models/query.py", line 802, in _update
    return query.get_compiler(self.db).execute_sql(CURSOR)
  File "/home/harsh/.virtualenvs/teamProject/lib/python3.8/site-packages/django/db/models/sql/compiler.py", line 1559, in execute_sql
    cursor = super().execute_sql(result_type)
  File "/home/harsh/.virtualenvs/teamProject/lib/python3.8/site-packages/django/db/models/sql/compiler.py", line 1162, in execute_sql
    sql, params = self.as_sql()
  File "/home/harsh/.virtualenvs/teamProject/lib/python3.8/site-packages/django/db/models/sql/compiler.py", line 1525, in as_sql
    val = field.get_db_prep_save(val, connection=self.connection)
  File "/home/harsh/.virtualenvs/teamProject/lib/python3.8/site-packages/django/db/models/fields/__init__.py", line 842, in get_db_prep_save
    return self.get_db_prep_value(value, connection=connection, prepared=False)
  File "/home/harsh/.virtualenvs/teamProject/lib/python3.8/site-packages/django/db/models/fields/__init__.py", line 1271, in get_db_prep_value
    value = self.get_prep_value(value)
  File "/home/harsh/.virtualenvs/teamProject/lib/python3.8/site-packages/django/db/models/fields/__init__.py", line 1266, in get_prep_value
    return self.to_python(value)
  File "/home/harsh/.virtualenvs/teamProject/lib/python3.8/site-packages/django/db/models/fields/__init__.py", line 1238, in to_python
    raise exceptions.ValidationError(
django.core.exceptions.ValidationError: ['May 29, 2021 value has an invalid date format. It must be in YYYY-MM-DD format.']
2021-05-29 06:30:22,540 Import.views INFO     Inside updateImportOrders_view
2021-05-29 06:30:22,543 Import.views DEBUG    User session successful
2021-05-29 06:30:22,596 django.request ERROR    Internal Server Error: /update/19
Traceback (most recent call last):
  File "/home/harsh/.virtualenvs/teamProject/lib/python3.8/site-packages/django/core/handlers/exception.py", line 47, in inner
    response = get_response(request)
  File "/home/harsh/.virtualenvs/teamProject/lib/python3.8/site-packages/django/core/handlers/base.py", line 181, in _get_response
    response = wrapped_callback(request, *callback_args, **callback_kwargs)
  File "/home/harsh/.virtualenvs/teamProject/src/Import/views.py", line 145, in updateImportOrders_view
    order.save()
  File "/home/harsh/.virtualenvs/teamProject/lib/python3.8/site-packages/django/db/models/base.py", line 726, in save
    self.save_base(using=using, force_insert=force_insert,
  File "/home/harsh/.virtualenvs/teamProject/lib/python3.8/site-packages/django/db/models/base.py", line 763, in save_base
    updated = self._save_table(
  File "/home/harsh/.virtualenvs/teamProject/lib/python3.8/site-packages/django/db/models/base.py", line 845, in _save_table
    updated = self._do_update(base_qs, using, pk_val, values, update_fields,
  File "/home/harsh/.virtualenvs/teamProject/lib/python3.8/site-packages/django/db/models/base.py", line 899, in _do_update
    return filtered._update(values) > 0
  File "/home/harsh/.virtualenvs/teamProject/lib/python3.8/site-packages/django/db/models/query.py", line 802, in _update
    return query.get_compiler(self.db).execute_sql(CURSOR)
  File "/home/harsh/.virtualenvs/teamProject/lib/python3.8/site-packages/django/db/models/sql/compiler.py", line 1559, in execute_sql
    cursor = super().execute_sql(result_type)
  File "/home/harsh/.virtualenvs/teamProject/lib/python3.8/site-packages/django/db/models/sql/compiler.py", line 1162, in execute_sql
    sql, params = self.as_sql()
  File "/home/harsh/.virtualenvs/teamProject/lib/python3.8/site-packages/django/db/models/sql/compiler.py", line 1525, in as_sql
    val = field.get_db_prep_save(val, connection=self.connection)
  File "/home/harsh/.virtualenvs/teamProject/lib/python3.8/site-packages/django/db/models/fields/__init__.py", line 842, in get_db_prep_save
    return self.get_db_prep_value(value, connection=connection, prepared=False)
  File "/home/harsh/.virtualenvs/teamProject/lib/python3.8/site-packages/django/db/models/fields/__init__.py", line 1271, in get_db_prep_value
    value = self.get_prep_value(value)
  File "/home/harsh/.virtualenvs/teamProject/lib/python3.8/site-packages/django/db/models/fields/__init__.py", line 1266, in get_prep_value
    return self.to_python(value)
  File "/home/harsh/.virtualenvs/teamProject/lib/python3.8/site-packages/django/db/models/fields/__init__.py", line 1238, in to_python
    raise exceptions.ValidationError(
django.core.exceptions.ValidationError: ['May 29, 2021 value has an invalid date format. It must be in YYYY-MM-DD format.']
2021-05-29 06:32:19,952 django.utils.autoreload INFO     /home/harsh/.virtualenvs/teamProject/src/templates/editImportPage.html changed, reloading.
2021-05-29 06:32:19,952 asyncio      DEBUG    Using selector: EpollSelector
2021-05-29 06:32:20,776 django.utils.autoreload INFO     Watching for file changes with StatReloader
2021-05-29 06:32:28,045 django.utils.autoreload INFO     /home/harsh/.virtualenvs/teamProject/src/templates/importPage.html changed, reloading.
2021-05-29 06:32:28,045 asyncio      DEBUG    Using selector: EpollSelector
2021-05-29 06:32:28,409 django.utils.autoreload INFO     Watching for file changes with StatReloader
2021-05-29 06:32:35,021 Import.views DEBUG    User session successful
2021-05-29 06:32:35,021 Import.views INFO     Inside editImportOrders_view
2021-05-29 06:32:35,022 Import.views INFO     Record fetched on the basis of id: 19 and request redirected to editImportPage
2021-05-29 06:32:35,156 django.request WARNING  Not Found: /favicon.ico
2021-05-29 06:33:01,613 Import.views INFO     Inside updateImportOrders_view
2021-05-29 06:33:01,616 Import.views DEBUG    User session successful
2021-05-29 06:33:01,782 Import.views INFO     Record with id: 19 updated successfully and request redirected to the displayOrders page.
2021-05-29 06:33:01,796 Import.views INFO     Inside displayImportOrders_view
2021-05-29 06:33:01,799 Import.views DEBUG    User session successful
2021-05-29 06:33:01,799 Import.views INFO     Record fetched successfully and request redirected to importOrders page.
2021-05-29 06:33:03,966 Import.views DEBUG    User session successful
2021-05-29 06:33:03,966 Import.views INFO     Inside editImportOrders_view
2021-05-29 06:33:03,968 Import.views INFO     Record fetched on the basis of id: 19 and request redirected to editImportPage
2021-05-29 06:33:20,145 django.utils.autoreload INFO     /home/harsh/.virtualenvs/teamProject/src/templates/editImportPage.html changed, reloading.
2021-05-29 06:33:20,146 asyncio      DEBUG    Using selector: EpollSelector
2021-05-29 06:33:20,501 django.utils.autoreload INFO     Watching for file changes with StatReloader
2021-05-29 06:33:21,713 django.utils.autoreload INFO     /home/harsh/.virtualenvs/teamProject/src/templates/editImportPage.html changed, reloading.
2021-05-29 06:33:21,714 asyncio      DEBUG    Using selector: EpollSelector
2021-05-29 06:33:22,065 django.utils.autoreload INFO     Watching for file changes with StatReloader
2021-05-29 06:33:22,450 Import.views DEBUG    User session successful
2021-05-29 06:33:22,450 Import.views INFO     Inside editImportOrders_view
2021-05-29 06:33:22,451 Import.views INFO     Record fetched on the basis of id: 19 and request redirected to editImportPage
2021-05-29 06:33:22,557 django.request WARNING  Not Found: /favicon.ico
2021-05-29 06:33:25,364 django.utils.autoreload INFO     /home/harsh/.virtualenvs/teamProject/src/templates/editImportPage.html changed, reloading.
2021-05-29 06:33:25,365 asyncio      DEBUG    Using selector: EpollSelector
2021-05-29 06:33:25,717 django.utils.autoreload INFO     Watching for file changes with StatReloader
2021-05-29 06:34:16,783 Import.views DEBUG    User session successful
2021-05-29 06:34:16,783 Import.views INFO     Inside editImportOrders_view
2021-05-29 06:34:16,785 Import.views INFO     Record fetched on the basis of id: 19 and request redirected to editImportPage
2021-05-29 06:34:16,908 django.request WARNING  Not Found: /favicon.ico
2021-05-29 06:34:33,524 Import.views INFO     Inside updateImportOrders_view
2021-05-29 06:34:33,527 Import.views DEBUG    User session successful
2021-05-29 06:34:33,529 Import.views INFO     Record with id: 19 updated successfully and request redirected to the displayOrders page.
2021-05-29 06:34:33,545 Import.views INFO     Inside displayImportOrders_view
2021-05-29 06:34:33,548 Import.views DEBUG    User session successful
2021-05-29 06:34:33,548 Import.views INFO     Record fetched successfully and request redirected to importOrders page.
2021-05-29 06:34:40,000 Import.views INFO     Inside displayCompanies_view
2021-05-29 06:34:40,002 Import.views DEBUG    User session successful
2021-05-29 06:34:40,002 Import.views INFO     Record fetched successfully and request redirected to viewCompanies page.
2021-05-29 06:34:40,061 django.request WARNING  Not Found: /favicon.ico
2021-05-29 06:34:56,751 django.utils.autoreload INFO     /home/harsh/.virtualenvs/teamProject/src/templates/viewCompanies.html changed, reloading.
2021-05-29 06:34:56,752 asyncio      DEBUG    Using selector: EpollSelector
2021-05-29 06:34:57,115 django.utils.autoreload INFO     Watching for file changes with StatReloader
2021-05-29 06:34:58,413 Import.views INFO     Inside displayCompanies_view
2021-05-29 06:34:58,417 Import.views DEBUG    User session successful
2021-05-29 06:34:58,417 Import.views INFO     Record fetched successfully and request redirected to viewCompanies page.
2021-05-29 06:34:58,520 django.request WARNING  Not Found: /favicon.ico
2021-05-29 06:35:03,793 Import.views INFO     Inside import_view
2021-05-29 06:35:03,797 Import.views DEBUG    User session successful
2021-05-29 06:35:10,080 Import.views INFO     Inside displayImportOrders_view
2021-05-29 06:35:10,083 Import.views DEBUG    User session successful
2021-05-29 06:35:10,083 Import.views INFO     Record fetched successfully and request redirected to importOrders page.
2021-05-29 06:35:33,080 Import.views INFO     Inside logout_view
2021-05-29 06:35:33,084 Import.views INFO     Logout successful and request redirected to login dashboard
2021-05-29 06:35:33,166 Import.views INFO     Main Dashboard page is requested
2021-05-29 06:35:33,262 django.request WARNING  Not Found: /favicon.ico
2021-05-29 06:36:59,604 django.utils.autoreload INFO     /home/harsh/.virtualenvs/teamProject/src/fashionHub/urls.py changed, reloading.
2021-05-29 06:36:59,604 asyncio      DEBUG    Using selector: EpollSelector
2021-05-29 06:37:00,130 django.utils.autoreload INFO     Watching for file changes with StatReloader
2021-05-29 06:40:11,979 django.utils.autoreload INFO     /home/harsh/.virtualenvs/teamProject/src/Import/models.py changed, reloading.
2021-05-29 06:40:11,980 asyncio      DEBUG    Using selector: EpollSelector
2021-05-29 06:40:12,430 django.utils.autoreload INFO     Watching for file changes with StatReloader
2021-05-29 06:42:29,862 django.utils.autoreload INFO     /home/harsh/.virtualenvs/teamProject/src/templates/editImportPage.html changed, reloading.
2021-05-29 06:42:29,863 asyncio      DEBUG    Using selector: EpollSelector
2021-05-29 06:42:30,203 django.utils.autoreload INFO     Watching for file changes with StatReloader
2021-05-29 06:42:36,070 django.request WARNING  Not Found: /favicon.ico
2021-05-29 06:42:41,588 Import.views INFO     Main Dashboard page is requested
2021-05-29 06:43:00,628 Import.views INFO     Inside portalLogin_view
2021-05-29 06:43:00,628 Import.views INFO     User authenticated and request sent to next page
2021-05-29 06:43:00,869 django.request WARNING  Not Found: /favicon.ico
2021-05-29 06:44:15,422 django.utils.autoreload INFO     /home/harsh/.virtualenvs/teamProject/src/templates/menuPage.html changed, reloading.
2021-05-29 06:44:15,422 asyncio      DEBUG    Using selector: EpollSelector
2021-05-29 06:44:15,786 django.utils.autoreload INFO     Watching for file changes with StatReloader
2021-05-29 06:44:18,755 Import.views INFO     Inside portalLogin_view
2021-05-29 06:44:18,755 Import.views INFO     User authenticated and request sent to next page
2021-05-29 06:44:18,957 django.request WARNING  Not Found: /favicon.ico
2021-05-29 06:44:22,627 Import.views INFO     Inside displayImportOrders_view
2021-05-29 06:44:22,630 Import.views DEBUG    User session successful
2021-05-29 06:44:22,630 Import.views INFO     Record fetched successfully and request redirected to importOrders page.
2021-05-29 06:44:24,004 Import.views DEBUG    User session successful
2021-05-29 06:44:24,005 Import.views INFO     Inside editImportOrders_view
2021-05-29 06:44:24,006 Import.views INFO     Record fetched on the basis of id: 19 and request redirected to editImportPage
2021-05-29 06:44:24,147 django.request ERROR    Internal Server Error: /edit/19
Traceback (most recent call last):
  File "/home/harsh/.virtualenvs/teamProject/lib/python3.8/site-packages/django/core/handlers/exception.py", line 47, in inner
    response = get_response(request)
  File "/home/harsh/.virtualenvs/teamProject/lib/python3.8/site-packages/django/core/handlers/base.py", line 181, in _get_response
    response = wrapped_callback(request, *callback_args, **callback_kwargs)
  File "/home/harsh/.virtualenvs/teamProject/src/Import/views.py", line 124, in editImportOrders_view
    return render(request, 'editImportPage.html', {'orders': orders})
  File "/home/harsh/.virtualenvs/teamProject/lib/python3.8/site-packages/django/shortcuts.py", line 19, in render
    content = loader.render_to_string(template_name, context, request, using=using)
  File "/home/harsh/.virtualenvs/teamProject/lib/python3.8/site-packages/django/template/loader.py", line 61, in render_to_string
    template = get_template(template_name, using=using)
  File "/home/harsh/.virtualenvs/teamProject/lib/python3.8/site-packages/django/template/loader.py", line 15, in get_template
    return engine.get_template(template_name)
  File "/home/harsh/.virtualenvs/teamProject/lib/python3.8/site-packages/django/template/backends/django.py", line 34, in get_template
    return Template(self.engine.get_template(template_name), self)
  File "/home/harsh/.virtualenvs/teamProject/lib/python3.8/site-packages/django/template/engine.py", line 143, in get_template
    template, origin = self.find_template(template_name)
  File "/home/harsh/.virtualenvs/teamProject/lib/python3.8/site-packages/django/template/engine.py", line 125, in find_template
    template = loader.get_template(name, skip=skip)
  File "/home/harsh/.virtualenvs/teamProject/lib/python3.8/site-packages/django/template/loaders/base.py", line 29, in get_template
    return Template(
  File "/home/harsh/.virtualenvs/teamProject/lib/python3.8/site-packages/django/template/base.py", line 155, in __init__
    self.nodelist = self.compile_nodelist()
  File "/home/harsh/.virtualenvs/teamProject/lib/python3.8/site-packages/django/template/base.py", line 193, in compile_nodelist
    return parser.parse()
  File "/home/harsh/.virtualenvs/teamProject/lib/python3.8/site-packages/django/template/base.py", line 449, in parse
    raise self.error(token, e)
  File "/home/harsh/.virtualenvs/teamProject/lib/python3.8/site-packages/django/template/base.py", line 447, in parse
    filter_expression = self.compile_filter(token.contents)
  File "/home/harsh/.virtualenvs/teamProject/lib/python3.8/site-packages/django/template/base.py", line 563, in compile_filter
    return FilterExpression(token, self)
  File "/home/harsh/.virtualenvs/teamProject/lib/python3.8/site-packages/django/template/base.py", line 657, in __init__
    filter_func = parser.find_filter(filter_name)
  File "/home/harsh/.virtualenvs/teamProject/lib/python3.8/site-packages/django/template/base.py", line 569, in find_filter
    raise TemplateSyntaxError("Invalid filter: '%s'" % filter_name)
django.template.exceptions.TemplateSyntaxError: Invalid filter: 'order_date'
2021-05-29 06:44:38,305 django.utils.autoreload INFO     /home/harsh/.virtualenvs/teamProject/src/templates/editImportPage.html changed, reloading.
2021-05-29 06:44:38,306 asyncio      DEBUG    Using selector: EpollSelector
2021-05-29 06:44:38,687 django.utils.autoreload INFO     Watching for file changes with StatReloader
2021-05-29 06:44:40,882 Import.views INFO     Inside displayImportOrders_view
2021-05-29 06:44:40,885 Import.views DEBUG    User session successful
2021-05-29 06:44:40,885 Import.views INFO     Record fetched successfully and request redirected to importOrders page.
2021-05-29 06:44:41,014 django.request WARNING  Not Found: /favicon.ico
2021-05-29 06:44:42,049 Import.views DEBUG    User session successful
2021-05-29 06:44:42,049 Import.views INFO     Inside editImportOrders_view
2021-05-29 06:44:42,050 Import.views INFO     Record fetched on the basis of id: 19 and request redirected to editImportPage
2021-05-29 06:44:49,966 Import.views INFO     Inside updateImportOrders_view
2021-05-29 06:44:49,968 Import.views DEBUG    User session successful
2021-05-29 06:44:49,970 Import.views INFO     Record with id: 19 updated successfully and request redirected to the displayOrders page.
2021-05-29 06:44:49,987 Import.views INFO     Inside displayImportOrders_view
2021-05-29 06:44:49,989 Import.views DEBUG    User session successful
2021-05-29 06:44:49,990 Import.views INFO     Record fetched successfully and request redirected to importOrders page.
2021-05-29 06:44:59,613 Import.views INFO     Inside import_view
2021-05-29 06:44:59,616 Import.views DEBUG    User session successful
2021-05-29 06:44:59,682 django.request WARNING  Not Found: /favicon.ico
2021-05-29 06:45:04,616 Import.views INFO     Inside logout_view
2021-05-29 06:45:04,618 Import.views INFO     Logout successful and request redirected to login dashboard
2021-05-29 06:45:04,754 Import.views INFO     Main Dashboard page is requested
2021-05-29 06:45:04,804 django.request WARNING  Not Found: /favicon.ico
2021-05-29 06:49:33,554 Import.views INFO     Inside portalLogin_view
2021-05-29 06:49:33,554 Import.views INFO     User authenticated and request sent to next page
2021-05-29 06:49:33,877 django.request WARNING  Not Found: /favicon.ico
2021-05-29 06:50:16,189 Import.views INFO     Inside import_view
2021-05-29 06:50:16,191 Import.views DEBUG    User session successful
2021-05-29 06:50:16,191 Import.views INFO     Request redirected to next page if the user selects import option from the menu
2021-05-29 06:50:19,499 Import.views INFO     Inside displayImportOrders_view
2021-05-29 06:50:19,502 Import.views DEBUG    User session successful
2021-05-29 06:50:19,502 Import.views INFO     Record fetched successfully and request redirected to importOrders page.
2021-05-29 06:50:34,407 Import.views INFO     Inside logout_view
2021-05-29 06:50:34,410 Import.views INFO     Logout successful and request redirected to login dashboard
2021-05-29 06:50:34,481 Import.views INFO     Main Dashboard page is requested
2021-05-29 06:57:28,927 django.utils.autoreload INFO     /home/harsh/.virtualenvs/teamProject/src/templates/importPage.html changed, reloading.
2021-05-29 06:57:28,927 asyncio      DEBUG    Using selector: EpollSelector
2021-05-29 06:57:29,748 django.utils.autoreload INFO     Watching for file changes with StatReloader
2021-05-29 07:02:38,722 django.utils.autoreload INFO     /home/harsh/.virtualenvs/teamProject/src/templates/importPage.html changed, reloading.
2021-05-29 07:02:38,723 asyncio      DEBUG    Using selector: EpollSelector
2021-05-29 07:02:39,090 django.utils.autoreload INFO     Watching for file changes with StatReloader
2021-05-29 07:03:29,735 Import.views INFO     Inside portalLogin_view
2021-05-29 07:03:29,735 Import.views INFO     User authenticated and request sent to next page
2021-05-29 07:03:40,506 Import.views INFO     Inside import_view
2021-05-29 07:03:40,512 Import.views DEBUG    User session successful
2021-05-29 07:03:40,513 Import.views INFO     Request redirected to next page if the user selects import option from the menu
2021-05-29 07:03:44,556 Import.views INFO     Inside import_view
2021-05-29 07:03:44,558 Import.views DEBUG    User session successful
2021-05-29 07:03:48,122 Import.views INFO     Inside import_view
2021-05-29 07:03:48,124 Import.views DEBUG    User session successful
2021-05-29 07:05:16,784 django.utils.autoreload INFO     /home/harsh/.virtualenvs/teamProject/src/templates/importPage.html changed, reloading.
2021-05-29 07:05:16,785 asyncio      DEBUG    Using selector: EpollSelector
2021-05-29 07:05:17,167 django.utils.autoreload INFO     Watching for file changes with StatReloader
2021-05-29 07:05:28,843 Import.views INFO     Inside import_view
2021-05-29 07:05:28,846 Import.views DEBUG    User session successful
2021-05-29 07:05:28,987 django.request WARNING  Not Found: /favicon.ico
2021-05-29 07:05:33,367 Import.views INFO     Inside portalLogin_view
2021-05-29 07:05:33,368 Import.views WARNING  Post method not used and request redirected 
2021-05-29 07:06:33,664 Import.views INFO     Inside portalLogin_view
2021-05-29 07:06:33,664 Import.views INFO     User authenticated and request sent to next page
2021-05-29 07:06:44,045 Import.views INFO     Inside import_view
2021-05-29 07:06:44,047 Import.views DEBUG    User session successful
2021-05-29 07:06:44,047 Import.views INFO     Request redirected to next page if the user selects import option from the menu
2021-05-29 07:06:51,901 Import.views INFO     Inside displayImportOrders_view
2021-05-29 07:06:51,905 Import.views DEBUG    User session successful
2021-05-29 07:06:51,905 Import.views INFO     Record fetched successfully and request redirected to importOrders page.
2021-05-29 07:07:21,635 django.utils.autoreload INFO     /home/harsh/.virtualenvs/teamProject/src/templates/editImportPage.html changed, reloading.
2021-05-29 07:07:21,636 asyncio      DEBUG    Using selector: EpollSelector
2021-05-29 07:07:22,031 django.utils.autoreload INFO     Watching for file changes with StatReloader
2021-05-29 07:07:34,326 django.utils.autoreload INFO     /home/harsh/.virtualenvs/teamProject/src/templates/importOrders.html changed, reloading.
2021-05-29 07:07:34,326 asyncio      DEBUG    Using selector: EpollSelector
2021-05-29 07:07:34,679 django.utils.autoreload INFO     Watching for file changes with StatReloader
2021-05-29 07:08:12,226 Import.views INFO     Inside logout_view
2021-05-29 07:08:12,229 Import.views INFO     Logout successful and request redirected to login dashboard
2021-05-29 07:08:12,311 Import.views INFO     Main Dashboard page is requested
2021-05-29 07:08:16,649 Import.views INFO     Main Dashboard page is requested
2021-05-29 07:08:36,873 Import.views INFO     Inside portalLogin_view
2021-05-29 07:08:36,874 Import.views INFO     User authenticated and request sent to next page
2021-05-29 07:08:39,629 Import.views INFO     Inside import_view
2021-05-29 07:08:39,633 Import.views DEBUG    User session successful
2021-05-29 07:08:39,635 Import.views INFO     Request redirected to next page if the user selects import option from the menu
2021-05-29 07:08:42,887 Import.views INFO     Inside logout_view
2021-05-29 07:08:42,889 Import.views INFO     Logout successful and request redirected to login dashboard
2021-05-29 07:08:43,042 Import.views INFO     Main Dashboard page is requested
